{"numFailedTestSuites":0,"numFailedTests":0,"numPassedTestSuites":12,"numPassedTests":119,"numPendingTestSuites":0,"numPendingTests":0,"numRuntimeErrorTestSuites":0,"numTodoTests":0,"numTotalTestSuites":12,"numTotalTests":119,"openHandles":[],"snapshot":{"added":0,"didUpdate":false,"failure":false,"filesAdded":0,"filesRemoved":0,"filesRemovedList":[],"filesUnmatched":0,"filesUpdated":0,"matched":0,"total":0,"unchecked":0,"uncheckedKeysByFile":[],"unmatched":0,"updated":0},"startTime":1758013397442,"success":true,"testResults":[{"assertionResults":[{"ancestorTitles":[],"duration":153,"failureDetails":[],"failureMessages":[],"fullName":"fetches by slug and renders header, count, cards, and image src","invocations":1,"location":null,"numPassingAsserts":7,"retryReasons":[],"status":"passed","title":"fetches by slug and renders header, count, cards, and image src"},{"ancestorTitles":[],"duration":35,"failureDetails":[],"failureMessages":[],"fullName":"clicking 'More Details' navigates to /product/:slug","invocations":1,"location":null,"numPassingAsserts":1,"retryReasons":[],"status":"passed","title":"clicking 'More Details' navigates to /product/:slug"},{"ancestorTitles":[],"duration":3,"failureDetails":[],"failureMessages":[],"fullName":"shows placeholder name (—) before data resolves","invocations":1,"location":null,"numPassingAsserts":1,"retryReasons":[],"status":"passed","title":"shows placeholder name (—) before data resolves"},{"ancestorTitles":[],"duration":13,"failureDetails":[],"failureMessages":[],"fullName":"clears previous products immediately when slug changes","invocations":1,"location":null,"numPassingAsserts":3,"retryReasons":[],"status":"passed","title":"clears previous products immediately when slug changes"},{"ancestorTitles":[],"duration":5,"failureDetails":[],"failureMessages":[],"fullName":"ignores late response from previous slug request","invocations":1,"location":null,"numPassingAsserts":3,"retryReasons":[],"status":"passed","title":"ignores late response from previous slug request"},{"ancestorTitles":[],"duration":10,"failureDetails":[],"failureMessages":[],"fullName":"renders — when price is non-numeric","invocations":1,"location":null,"numPassingAsserts":2,"retryReasons":[],"status":"passed","title":"renders — when price is non-numeric"}],"endTime":1758013399468,"message":"","name":"/Users/dom/cs4218-2510-ecom-project-team023/client/src/pages/CategoryProduct.test.js","startTime":1758013398036,"status":"passed","summary":""},{"assertionResults":[{"ancestorTitles":[],"duration":34,"failureDetails":[],"failureMessages":[],"fullName":"loads product and related products; renders details","invocations":1,"location":null,"numPassingAsserts":8,"retryReasons":[],"status":"passed","title":"loads product and related products; renders details"},{"ancestorTitles":[],"duration":6,"failureDetails":[],"failureMessages":[],"fullName":"does not crash when a related product has undefined price (renders fallback)","invocations":1,"location":null,"numPassingAsserts":1,"retryReasons":[],"status":"passed","title":"does not crash when a related product has undefined price (renders fallback)"},{"ancestorTitles":[],"duration":9,"failureDetails":[],"failureMessages":[],"fullName":"does not crash when a related product has undefined description (renders with fallback)","invocations":1,"location":null,"numPassingAsserts":1,"retryReasons":[],"status":"passed","title":"does not crash when a related product has undefined description (renders with fallback)"},{"ancestorTitles":[],"duration":7,"failureDetails":[],"failureMessages":[],"fullName":"if product has no category, it should not try to fetch related (no second axios call)","invocations":1,"location":null,"numPassingAsserts":3,"retryReasons":[],"status":"passed","title":"if product has no category, it should not try to fetch related (no second axios call)"},{"ancestorTitles":[],"duration":6,"failureDetails":[],"failureMessages":[],"fullName":"non-numeric related price does not break rendering (optional guard)","invocations":1,"location":null,"numPassingAsserts":1,"retryReasons":[],"status":"passed","title":"non-numeric related price does not break rendering (optional guard)"}],"endTime":1758013399793,"message":"","name":"/Users/dom/cs4218-2510-ecom-project-team023/client/src/pages/ProductDetails.test.js","startTime":1758013399480,"status":"passed","summary":""},{"assertionResults":[{"ancestorTitles":["Category schema regressions (tighten constraints)"],"duration":23,"failureDetails":[],"failureMessages":[],"fullName":"Category schema regressions (tighten constraints) requires name","invocations":1,"location":null,"numPassingAsserts":1,"retryReasons":[],"status":"passed","title":"requires name"},{"ancestorTitles":["Category schema regressions (tighten constraints)"],"duration":4,"failureDetails":[],"failureMessages":[],"fullName":"Category schema regressions (tighten constraints) requires slug","invocations":1,"location":null,"numPassingAsserts":1,"retryReasons":[],"status":"passed","title":"requires slug"},{"ancestorTitles":["Category schema regressions (tighten constraints)"],"duration":9,"failureDetails":[],"failureMessages":[],"fullName":"Category schema regressions (tighten constraints) trims name before save","invocations":1,"location":null,"numPassingAsserts":1,"retryReasons":[],"status":"passed","title":"trims name before save"},{"ancestorTitles":["Category schema regressions (tighten constraints)"],"duration":12,"failureDetails":[],"failureMessages":[],"fullName":"Category schema regressions (tighten constraints) enforces unique name","invocations":1,"location":null,"numPassingAsserts":1,"retryReasons":[],"status":"passed","title":"enforces unique name"},{"ancestorTitles":["Category schema regressions (tighten constraints)"],"duration":5,"failureDetails":[],"failureMessages":[],"fullName":"Category schema regressions (tighten constraints) adds timestamps (createdAt/updatedAt)","invocations":1,"location":null,"numPassingAsserts":3,"retryReasons":[],"status":"passed","title":"adds timestamps (createdAt/updatedAt)"},{"ancestorTitles":["Category schema regressions (tighten constraints)"],"duration":7,"failureDetails":[],"failureMessages":[],"fullName":"Category schema regressions (tighten constraints) lowercases slug","invocations":1,"location":null,"numPassingAsserts":1,"retryReasons":[],"status":"passed","title":"lowercases slug"}],"endTime":1758013400158,"message":"","name":"/Users/dom/cs4218-2510-ecom-project-team023/models/categoryModel.test.js","startTime":1758013397585,"status":"passed","summary":""},{"assertionResults":[{"ancestorTitles":["Product schema regressions (tighten constraints)"],"duration":28,"failureDetails":[],"failureMessages":[],"fullName":"Product schema regressions (tighten constraints) creates a minimal valid product","invocations":1,"location":null,"numPassingAsserts":4,"retryReasons":[],"status":"passed","title":"creates a minimal valid product"},{"ancestorTitles":["Product schema regressions (tighten constraints)"],"duration":13,"failureDetails":[],"failureMessages":[],"fullName":"Product schema regressions (tighten constraints) slug must be UNIQUE (duplicate should fail)","invocations":1,"location":null,"numPassingAsserts":1,"retryReasons":[],"status":"passed","title":"slug must be UNIQUE (duplicate should fail)"},{"ancestorTitles":["Product schema regressions (tighten constraints)"],"duration":6,"failureDetails":[],"failureMessages":[],"fullName":"Product schema regressions (tighten constraints) slug is lowercased automatically","invocations":1,"location":null,"numPassingAsserts":1,"retryReasons":[],"status":"passed","title":"slug is lowercased automatically"},{"ancestorTitles":["Product schema regressions (tighten constraints)"],"duration":5,"failureDetails":[],"failureMessages":[],"fullName":"Product schema regressions (tighten constraints) name and slug are trimmed","invocations":1,"location":null,"numPassingAsserts":2,"retryReasons":[],"status":"passed","title":"name and slug are trimmed"},{"ancestorTitles":["Product schema regressions (tighten constraints)"],"duration":6,"failureDetails":[],"failureMessages":[],"fullName":"Product schema regressions (tighten constraints) price cannot be negative","invocations":1,"location":null,"numPassingAsserts":1,"retryReasons":[],"status":"passed","title":"price cannot be negative"},{"ancestorTitles":["Product schema regressions (tighten constraints)"],"duration":5,"failureDetails":[],"failureMessages":[],"fullName":"Product schema regressions (tighten constraints) quantity cannot be negative AND must be an integer","invocations":1,"location":null,"numPassingAsserts":2,"retryReasons":[],"status":"passed","title":"quantity cannot be negative AND must be an integer"},{"ancestorTitles":["Product schema regressions (tighten constraints)"],"duration":3,"failureDetails":[],"failureMessages":[],"fullName":"Product schema regressions (tighten constraints) shipping defaults to false when omitted","invocations":1,"location":null,"numPassingAsserts":1,"retryReasons":[],"status":"passed","title":"shipping defaults to false when omitted"}],"endTime":1758013400172,"message":"","name":"/Users/dom/cs4218-2510-ecom-project-team023/models/productModel.test.js","startTime":1758013397589,"status":"passed","summary":""},{"assertionResults":[{"ancestorTitles":[],"duration":11,"failureDetails":[],"failureMessages":[],"fullName":"does not crash when useCategory() returns undefined","invocations":1,"location":null,"numPassingAsserts":1,"retryReasons":[],"status":"passed","title":"does not crash when useCategory() returns undefined"},{"ancestorTitles":[],"duration":5,"failureDetails":[],"failureMessages":[],"fullName":"shows an empty state when there are no categories","invocations":1,"location":null,"numPassingAsserts":1,"retryReasons":[],"status":"passed","title":"shows an empty state when there are no categories"},{"ancestorTitles":[],"duration":53,"failureDetails":[],"failureMessages":[],"fullName":"category missing slug does not produce /category/undefined","invocations":1,"location":null,"numPassingAsserts":2,"retryReasons":[],"status":"passed","title":"category missing slug does not produce /category/undefined"},{"ancestorTitles":[],"duration":6,"failureDetails":[],"failureMessages":[],"fullName":"category missing name shows a readable fallback label","invocations":1,"location":null,"numPassingAsserts":2,"retryReasons":[],"status":"passed","title":"category missing name shows a readable fallback label"},{"ancestorTitles":[],"duration":4,"failureDetails":[],"failureMessages":[],"fullName":"renders valid category links with correct hrefs and labels","invocations":1,"location":null,"numPassingAsserts":5,"retryReasons":[],"status":"passed","title":"renders valid category links with correct hrefs and labels"}],"endTime":1758013400231,"message":"","name":"/Users/dom/cs4218-2510-ecom-project-team023/client/src/pages/Categories.test.js","startTime":1758013399807,"status":"passed","summary":""},{"assertionResults":[{"ancestorTitles":["createProductController"],"duration":2,"failureDetails":[],"failureMessages":[],"fullName":"createProductController 400 validation - missing name","invocations":1,"location":null,"numPassingAsserts":3,"retryReasons":[],"status":"passed","title":"400 validation - missing name"},{"ancestorTitles":["createProductController"],"duration":1,"failureDetails":[],"failureMessages":[],"fullName":"createProductController 400 validation - missing description","invocations":1,"location":null,"numPassingAsserts":3,"retryReasons":[],"status":"passed","title":"400 validation - missing description"},{"ancestorTitles":["createProductController"],"duration":0,"failureDetails":[],"failureMessages":[],"fullName":"createProductController 400 validation - missing price","invocations":1,"location":null,"numPassingAsserts":3,"retryReasons":[],"status":"passed","title":"400 validation - missing price"},{"ancestorTitles":["createProductController"],"duration":1,"failureDetails":[],"failureMessages":[],"fullName":"createProductController 400 validation - missing category","invocations":1,"location":null,"numPassingAsserts":3,"retryReasons":[],"status":"passed","title":"400 validation - missing category"},{"ancestorTitles":["createProductController"],"duration":0,"failureDetails":[],"failureMessages":[],"fullName":"createProductController 400 validation - missing quantity","invocations":1,"location":null,"numPassingAsserts":3,"retryReasons":[],"status":"passed","title":"400 validation - missing quantity"},{"ancestorTitles":["createProductController"],"duration":0,"failureDetails":[],"failureMessages":[],"fullName":"createProductController 400 photo too large","invocations":1,"location":null,"numPassingAsserts":2,"retryReasons":[],"status":"passed","title":"400 photo too large"},{"ancestorTitles":["createProductController"],"duration":3,"failureDetails":[],"failureMessages":[],"fullName":"createProductController 201 creates product (with photo) and slugifies name","invocations":1,"location":null,"numPassingAsserts":7,"retryReasons":[],"status":"passed","title":"201 creates product (with photo) and slugifies name"},{"ancestorTitles":["createProductController"],"duration":1,"failureDetails":[],"failureMessages":[],"fullName":"createProductController 500 when save throws","invocations":1,"location":null,"numPassingAsserts":2,"retryReasons":[],"status":"passed","title":"500 when save throws"},{"ancestorTitles":["getProductController"],"duration":4,"failureDetails":[],"failureMessages":[],"fullName":"getProductController 200 returns list with chained query","invocations":1,"location":null,"numPassingAsserts":7,"retryReasons":[],"status":"passed","title":"200 returns list with chained query"},{"ancestorTitles":["getProductController"],"duration":2,"failureDetails":[],"failureMessages":[],"fullName":"getProductController 500 when query throws","invocations":1,"location":null,"numPassingAsserts":2,"retryReasons":[],"status":"passed","title":"500 when query throws"},{"ancestorTitles":["getSingleProductController"],"duration":0,"failureDetails":[],"failureMessages":[],"fullName":"getSingleProductController 200 returns single","invocations":1,"location":null,"numPassingAsserts":5,"retryReasons":[],"status":"passed","title":"200 returns single"},{"ancestorTitles":["getSingleProductController"],"duration":1,"failureDetails":[],"failureMessages":[],"fullName":"getSingleProductController 500 on DB error","invocations":1,"location":null,"numPassingAsserts":2,"retryReasons":[],"status":"passed","title":"500 on DB error"},{"ancestorTitles":["productPhotoController"],"duration":0,"failureDetails":[],"failureMessages":[],"fullName":"productPhotoController 200 streams photo when present","invocations":1,"location":null,"numPassingAsserts":4,"retryReasons":[],"status":"passed","title":"200 streams photo when present"},{"ancestorTitles":["productPhotoController"],"duration":0,"failureDetails":[],"failureMessages":[],"fullName":"productPhotoController 404 JSON when photo missing","invocations":1,"location":null,"numPassingAsserts":3,"retryReasons":[],"status":"passed","title":"404 JSON when photo missing"},{"ancestorTitles":["productPhotoController"],"duration":1,"failureDetails":[],"failureMessages":[],"fullName":"productPhotoController 500 on DB error","invocations":1,"location":null,"numPassingAsserts":2,"retryReasons":[],"status":"passed","title":"500 on DB error"},{"ancestorTitles":["deleteProductController"],"duration":1,"failureDetails":[],"failureMessages":[],"fullName":"deleteProductController 200 deletes by id","invocations":1,"location":null,"numPassingAsserts":3,"retryReasons":[],"status":"passed","title":"200 deletes by id"},{"ancestorTitles":["deleteProductController"],"duration":1,"failureDetails":[],"failureMessages":[],"fullName":"deleteProductController 500 on DB error","invocations":1,"location":null,"numPassingAsserts":2,"retryReasons":[],"status":"passed","title":"500 on DB error"},{"ancestorTitles":["updateProductController"],"duration":0,"failureDetails":[],"failureMessages":[],"fullName":"updateProductController 500 validation - missing name","invocations":1,"location":null,"numPassingAsserts":3,"retryReasons":[],"status":"passed","title":"500 validation - missing name"},{"ancestorTitles":["updateProductController"],"duration":0,"failureDetails":[],"failureMessages":[],"fullName":"updateProductController 500 validation - missing description","invocations":1,"location":null,"numPassingAsserts":3,"retryReasons":[],"status":"passed","title":"500 validation - missing description"},{"ancestorTitles":["updateProductController"],"duration":1,"failureDetails":[],"failureMessages":[],"fullName":"updateProductController 500 validation - missing price","invocations":1,"location":null,"numPassingAsserts":3,"retryReasons":[],"status":"passed","title":"500 validation - missing price"},{"ancestorTitles":["updateProductController"],"duration":0,"failureDetails":[],"failureMessages":[],"fullName":"updateProductController 500 validation - missing category","invocations":1,"location":null,"numPassingAsserts":3,"retryReasons":[],"status":"passed","title":"500 validation - missing category"},{"ancestorTitles":["updateProductController"],"duration":1,"failureDetails":[],"failureMessages":[],"fullName":"updateProductController 500 validation - missing quantity","invocations":1,"location":null,"numPassingAsserts":3,"retryReasons":[],"status":"passed","title":"500 validation - missing quantity"},{"ancestorTitles":["updateProductController"],"duration":0,"failureDetails":[],"failureMessages":[],"fullName":"updateProductController 500 when photo > 1MB","invocations":1,"location":null,"numPassingAsserts":2,"retryReasons":[],"status":"passed","title":"500 when photo > 1MB"},{"ancestorTitles":["updateProductController"],"duration":1,"failureDetails":[],"failureMessages":[],"fullName":"updateProductController 201 updates product (with photo) and saves","invocations":1,"location":null,"numPassingAsserts":6,"retryReasons":[],"status":"passed","title":"201 updates product (with photo) and saves"},{"ancestorTitles":["updateProductController"],"duration":0,"failureDetails":[],"failureMessages":[],"fullName":"updateProductController 500 when findByIdAndUpdate throws","invocations":1,"location":null,"numPassingAsserts":2,"retryReasons":[],"status":"passed","title":"500 when findByIdAndUpdate throws"},{"ancestorTitles":["updateProductController"],"duration":0,"failureDetails":[],"failureMessages":[],"fullName":"updateProductController 500 when save throws","invocations":1,"location":null,"numPassingAsserts":2,"retryReasons":[],"status":"passed","title":"500 when save throws"},{"ancestorTitles":["productFiltersController"],"duration":1,"failureDetails":[],"failureMessages":[],"fullName":"productFiltersController 200 filters by categories + price range","invocations":1,"location":null,"numPassingAsserts":3,"retryReasons":[],"status":"passed","title":"200 filters by categories + price range"},{"ancestorTitles":["productFiltersController"],"duration":0,"failureDetails":[],"failureMessages":[],"fullName":"productFiltersController 200 with empty filters -> args {}","invocations":1,"location":null,"numPassingAsserts":2,"retryReasons":[],"status":"passed","title":"200 with empty filters -> args {}"},{"ancestorTitles":["productFiltersController"],"duration":1,"failureDetails":[],"failureMessages":[],"fullName":"productFiltersController 400 on error","invocations":1,"location":null,"numPassingAsserts":3,"retryReasons":[],"status":"passed","title":"400 on error"},{"ancestorTitles":["productCountController"],"duration":1,"failureDetails":[],"failureMessages":[],"fullName":"productCountController 200 returns count (model.estimatedDocumentCount())","invocations":1,"location":null,"numPassingAsserts":3,"retryReasons":[],"status":"passed","title":"200 returns count (model.estimatedDocumentCount())"},{"ancestorTitles":["productCountController"],"duration":1,"failureDetails":[],"failureMessages":[],"fullName":"productCountController 400 on error","invocations":1,"location":null,"numPassingAsserts":2,"retryReasons":[],"status":"passed","title":"400 on error"},{"ancestorTitles":["productListController"],"duration":2,"failureDetails":[],"failureMessages":[],"fullName":"productListController 200 paginated list default page=1","invocations":1,"location":null,"numPassingAsserts":6,"retryReasons":[],"status":"passed","title":"200 paginated list default page=1"},{"ancestorTitles":["productListController"],"duration":0,"failureDetails":[],"failureMessages":[],"fullName":"productListController 200 paginated list page=3 (skip 12)","invocations":1,"location":null,"numPassingAsserts":2,"retryReasons":[],"status":"passed","title":"200 paginated list page=3 (skip 12)"},{"ancestorTitles":["productListController"],"duration":1,"failureDetails":[],"failureMessages":[],"fullName":"productListController 400 on error","invocations":1,"location":null,"numPassingAsserts":2,"retryReasons":[],"status":"passed","title":"400 on error"},{"ancestorTitles":["searchProductController"],"duration":0,"failureDetails":[],"failureMessages":[],"fullName":"searchProductController 200 json results for keyword search","invocations":1,"location":null,"numPassingAsserts":2,"retryReasons":[],"status":"passed","title":"200 json results for keyword search"},{"ancestorTitles":["searchProductController"],"duration":1,"failureDetails":[],"failureMessages":[],"fullName":"searchProductController 400 on error","invocations":1,"location":null,"numPassingAsserts":2,"retryReasons":[],"status":"passed","title":"400 on error"},{"ancestorTitles":["realtedProductController"],"duration":0,"failureDetails":[],"failureMessages":[],"fullName":"realtedProductController 200 returns related","invocations":1,"location":null,"numPassingAsserts":6,"retryReasons":[],"status":"passed","title":"200 returns related"},{"ancestorTitles":["realtedProductController"],"duration":1,"failureDetails":[],"failureMessages":[],"fullName":"realtedProductController 400 on error","invocations":1,"location":null,"numPassingAsserts":2,"retryReasons":[],"status":"passed","title":"400 on error"},{"ancestorTitles":["productCategoryController"],"duration":1,"failureDetails":[],"failureMessages":[],"fullName":"productCategoryController 200 returns products by category slug","invocations":1,"location":null,"numPassingAsserts":5,"retryReasons":[],"status":"passed","title":"200 returns products by category slug"},{"ancestorTitles":["productCategoryController"],"duration":0,"failureDetails":[],"failureMessages":[],"fullName":"productCategoryController 404 when category not found","invocations":1,"location":null,"numPassingAsserts":2,"retryReasons":[],"status":"passed","title":"404 when category not found"},{"ancestorTitles":["productCategoryController"],"duration":0,"failureDetails":[],"failureMessages":[],"fullName":"productCategoryController 400 on error","invocations":1,"location":null,"numPassingAsserts":2,"retryReasons":[],"status":"passed","title":"400 on error"},{"ancestorTitles":["braintreeTokenController"],"duration":0,"failureDetails":[],"failureMessages":[],"fullName":"braintreeTokenController 200 returns token","invocations":1,"location":null,"numPassingAsserts":2,"retryReasons":[],"status":"passed","title":"200 returns token"},{"ancestorTitles":["braintreeTokenController"],"duration":3,"failureDetails":[],"failureMessages":[],"fullName":"braintreeTokenController 500 on gateway error","invocations":1,"location":null,"numPassingAsserts":2,"retryReasons":[],"status":"passed","title":"500 on gateway error"},{"ancestorTitles":["brainTreePaymentController"],"duration":1,"failureDetails":[],"failureMessages":[],"fullName":"brainTreePaymentController 200 json ok on successful sale; saves order","invocations":1,"location":null,"numPassingAsserts":4,"retryReasons":[],"status":"passed","title":"200 json ok on successful sale; saves order"},{"ancestorTitles":["brainTreePaymentController"],"duration":0,"failureDetails":[],"failureMessages":[],"fullName":"brainTreePaymentController 500 when sale returns error","invocations":1,"location":null,"numPassingAsserts":2,"retryReasons":[],"status":"passed","title":"500 when sale returns error"},{"ancestorTitles":["brainTreePaymentController"],"duration":0,"failureDetails":[],"failureMessages":[],"fullName":"brainTreePaymentController 500 when result.success is false","invocations":1,"location":null,"numPassingAsserts":1,"retryReasons":[],"status":"passed","title":"500 when result.success is false"},{"ancestorTitles":["REGRESSION lock-ins"],"duration":0,"failureDetails":[],"failureMessages":[],"fullName":"REGRESSION lock-ins productCountController uses productModel.estimatedDocumentCount()","invocations":1,"location":null,"numPassingAsserts":3,"retryReasons":[],"status":"passed","title":"productCountController uses productModel.estimatedDocumentCount()"},{"ancestorTitles":["REGRESSION lock-ins"],"duration":1,"failureDetails":[],"failureMessages":[],"fullName":"REGRESSION lock-ins updateProductController returns 404 when product not found","invocations":1,"location":null,"numPassingAsserts":2,"retryReasons":[],"status":"passed","title":"updateProductController returns 404 when product not found"},{"ancestorTitles":["REGRESSION lock-ins"],"duration":0,"failureDetails":[],"failureMessages":[],"fullName":"REGRESSION lock-ins updateProductController uses 200 OK on success (no photo)","invocations":1,"location":null,"numPassingAsserts":2,"retryReasons":[],"status":"passed","title":"updateProductController uses 200 OK on success (no photo)"},{"ancestorTitles":["REGRESSION lock-ins"],"duration":0,"failureDetails":[],"failureMessages":[],"fullName":"REGRESSION lock-ins productPhotoController sets Content-Type header","invocations":1,"location":null,"numPassingAsserts":1,"retryReasons":[],"status":"passed","title":"productPhotoController sets Content-Type header"},{"ancestorTitles":["REGRESSION lock-ins"],"duration":0,"failureDetails":[],"failureMessages":[],"fullName":"REGRESSION lock-ins createProductController returns the saved document (includes _id)","invocations":1,"location":null,"numPassingAsserts":2,"retryReasons":[],"status":"passed","title":"createProductController returns the saved document (includes _id)"},{"ancestorTitles":["REGRESSION lock-ins"],"duration":0,"failureDetails":[],"failureMessages":[],"fullName":"REGRESSION lock-ins createProductController returns 400 on validation error (Name required)","invocations":1,"location":null,"numPassingAsserts":2,"retryReasons":[],"status":"passed","title":"createProductController returns 400 on validation error (Name required)"}],"endTime":1758013400281,"message":"","name":"/Users/dom/cs4218-2510-ecom-project-team023/controllers/productController.test.js","startTime":1758013400163,"status":"passed","summary":""},{"assertionResults":[{"ancestorTitles":["createCategoryController"],"duration":2,"failureDetails":[],"failureMessages":[],"fullName":"createCategoryController 400 when name missing ({ name: undefined, label: 'undefined name' })","invocations":1,"location":null,"numPassingAsserts":3,"retryReasons":[],"status":"passed","title":"400 when name missing ({ name: undefined, label: 'undefined name' })"},{"ancestorTitles":["createCategoryController"],"duration":1,"failureDetails":[],"failureMessages":[],"fullName":"createCategoryController 400 when name missing ({ name: null, label: 'null name' })","invocations":1,"location":null,"numPassingAsserts":3,"retryReasons":[],"status":"passed","title":"400 when name missing ({ name: null, label: 'null name' })"},{"ancestorTitles":["createCategoryController"],"duration":1,"failureDetails":[],"failureMessages":[],"fullName":"createCategoryController 400 when name missing ({ name: '', label: 'empty string name' })","invocations":1,"location":null,"numPassingAsserts":3,"retryReasons":[],"status":"passed","title":"400 when name missing ({ name: '', label: 'empty string name' })"},{"ancestorTitles":["createCategoryController"],"duration":1,"failureDetails":[],"failureMessages":[],"fullName":"createCategoryController 400 when name missing ({ name: '   ', label: 'whitespace only' })","invocations":1,"location":null,"numPassingAsserts":3,"retryReasons":[],"status":"passed","title":"400 when name missing ({ name: '   ', label: 'whitespace only' })"},{"ancestorTitles":["createCategoryController"],"duration":0,"failureDetails":[],"failureMessages":[],"fullName":"createCategoryController 409 duplicate after trim/case-normalize","invocations":1,"location":null,"numPassingAsserts":4,"retryReasons":[],"status":"passed","title":"409 duplicate after trim/case-normalize"},{"ancestorTitles":["createCategoryController"],"duration":1,"failureDetails":[],"failureMessages":[],"fullName":"createCategoryController 201 creates when not duplicate (canonicalizes name + slug)","invocations":1,"location":null,"numPassingAsserts":3,"retryReasons":[],"status":"passed","title":"201 creates when not duplicate (canonicalizes name + slug)"},{"ancestorTitles":["createCategoryController"],"duration":17,"failureDetails":[],"failureMessages":[],"fullName":"createCategoryController 500 when findOne throws","invocations":1,"location":null,"numPassingAsserts":2,"retryReasons":[],"status":"passed","title":"500 when findOne throws"},{"ancestorTitles":["createCategoryController"],"duration":3,"failureDetails":[],"failureMessages":[],"fullName":"createCategoryController 500 when save throws","invocations":1,"location":null,"numPassingAsserts":2,"retryReasons":[],"status":"passed","title":"500 when save throws"},{"ancestorTitles":["updateCategoryController"],"duration":0,"failureDetails":[],"failureMessages":[],"fullName":"updateCategoryController 400 when name missing","invocations":1,"location":null,"numPassingAsserts":3,"retryReasons":[],"status":"passed","title":"400 when name missing"},{"ancestorTitles":["updateCategoryController"],"duration":0,"failureDetails":[],"failureMessages":[],"fullName":"updateCategoryController 404 when category not found","invocations":1,"location":null,"numPassingAsserts":3,"retryReasons":[],"status":"passed","title":"404 when category not found"},{"ancestorTitles":["updateCategoryController"],"duration":2,"failureDetails":[],"failureMessages":[],"fullName":"updateCategoryController 200 updates and returns payload with 'message' key","invocations":1,"location":null,"numPassingAsserts":4,"retryReasons":[],"status":"passed","title":"200 updates and returns payload with 'message' key"},{"ancestorTitles":["updateCategoryController"],"duration":1,"failureDetails":[],"failureMessages":[],"fullName":"updateCategoryController 500 when update throws","invocations":1,"location":null,"numPassingAsserts":2,"retryReasons":[],"status":"passed","title":"500 when update throws"},{"ancestorTitles":["categoryControlller (get all)"],"duration":1,"failureDetails":[],"failureMessages":[],"fullName":"categoryControlller (get all) 200 returns list","invocations":1,"location":null,"numPassingAsserts":3,"retryReasons":[],"status":"passed","title":"200 returns list"},{"ancestorTitles":["categoryControlller (get all)"],"duration":1,"failureDetails":[],"failureMessages":[],"fullName":"categoryControlller (get all) 500 on DB error","invocations":1,"location":null,"numPassingAsserts":2,"retryReasons":[],"status":"passed","title":"500 on DB error"},{"ancestorTitles":["singleCategoryController"],"duration":0,"failureDetails":[],"failureMessages":[],"fullName":"singleCategoryController 200 returns single by slug","invocations":1,"location":null,"numPassingAsserts":2,"retryReasons":[],"status":"passed","title":"200 returns single by slug"},{"ancestorTitles":["singleCategoryController"],"duration":0,"failureDetails":[],"failureMessages":[],"fullName":"singleCategoryController 404 when not found","invocations":1,"location":null,"numPassingAsserts":2,"retryReasons":[],"status":"passed","title":"404 when not found"},{"ancestorTitles":["singleCategoryController"],"duration":1,"failureDetails":[],"failureMessages":[],"fullName":"singleCategoryController 500 on DB error","invocations":1,"location":null,"numPassingAsserts":1,"retryReasons":[],"status":"passed","title":"500 on DB error"},{"ancestorTitles":["deleteCategoryCOntroller"],"duration":1,"failureDetails":[],"failureMessages":[],"fullName":"deleteCategoryCOntroller 200 deletes by id","invocations":1,"location":null,"numPassingAsserts":2,"retryReasons":[],"status":"passed","title":"200 deletes by id"},{"ancestorTitles":["deleteCategoryCOntroller"],"duration":0,"failureDetails":[],"failureMessages":[],"fullName":"deleteCategoryCOntroller 404 when id not found","invocations":1,"location":null,"numPassingAsserts":3,"retryReasons":[],"status":"passed","title":"404 when id not found"},{"ancestorTitles":["deleteCategoryCOntroller"],"duration":1,"failureDetails":[],"failureMessages":[],"fullName":"deleteCategoryCOntroller 500 on DB error","invocations":1,"location":null,"numPassingAsserts":1,"retryReasons":[],"status":"passed","title":"500 on DB error"}],"endTime":1758013400310,"message":"","name":"/Users/dom/cs4218-2510-ecom-project-team023/controllers/categoryController.test.js","startTime":1758013400175,"status":"passed","summary":""},{"assertionResults":[{"ancestorTitles":["useCategory regressions (expected to fail until hook is fixed)"],"duration":15,"failureDetails":[],"failureMessages":[],"fullName":"useCategory regressions (expected to fail until hook is fixed) normalizes missing payload to an empty array (not undefined)","invocations":1,"location":null,"numPassingAsserts":2,"retryReasons":[],"status":"passed","title":"normalizes missing payload to an empty array (not undefined)"},{"ancestorTitles":["useCategory regressions (expected to fail until hook is fixed)"],"duration":8,"failureDetails":[],"failureMessages":[],"fullName":"useCategory regressions (expected to fail until hook is fixed) does not crash mapping consumer when API omits category (UnsafeList)","invocations":1,"location":null,"numPassingAsserts":1,"retryReasons":[],"status":"passed","title":"does not crash mapping consumer when API omits category (UnsafeList)"},{"ancestorTitles":["useCategory regressions (expected to fail until hook is fixed)"],"duration":3,"failureDetails":[],"failureMessages":[],"fullName":"useCategory regressions (expected to fail until hook is fixed) does not set state after unmount (no React warning)","invocations":1,"location":null,"numPassingAsserts":1,"retryReasons":[],"status":"passed","title":"does not set state after unmount (no React warning)"},{"ancestorTitles":["useCategory happy path"],"duration":4,"failureDetails":[],"failureMessages":[],"fullName":"useCategory happy path returns array when API provides category list","invocations":1,"location":null,"numPassingAsserts":3,"retryReasons":[],"status":"passed","title":"returns array when API provides category list"}],"endTime":1758013400517,"message":"","name":"/Users/dom/cs4218-2510-ecom-project-team023/client/src/hooks/useCategory.test.js","startTime":1758013400243,"status":"passed","summary":""},{"assertionResults":[{"ancestorTitles":["Register Component"],"duration":114,"failureDetails":[],"failureMessages":[],"fullName":"Register Component should register the user successfully","invocations":1,"location":null,"numPassingAsserts":2,"retryReasons":[],"status":"passed","title":"should register the user successfully"},{"ancestorTitles":["Register Component"],"duration":60,"failureDetails":[],"failureMessages":[],"fullName":"Register Component should display error message on failed registration","invocations":1,"location":null,"numPassingAsserts":2,"retryReasons":[],"status":"passed","title":"should display error message on failed registration"}],"endTime":1758013400764,"message":"","name":"/Users/dom/cs4218-2510-ecom-project-team023/client/src/pages/Auth/Register.test.js","startTime":1758013398039,"status":"passed","summary":""},{"assertionResults":[{"ancestorTitles":["Register Component"],"duration":123,"failureDetails":[],"failureMessages":[],"fullName":"Register Component should register the user successfully","invocations":1,"location":null,"numPassingAsserts":2,"retryReasons":[],"status":"passed","title":"should register the user successfully"},{"ancestorTitles":["Register Component"],"duration":65,"failureDetails":[],"failureMessages":[],"fullName":"Register Component should display error message on failed registration","invocations":1,"location":null,"numPassingAsserts":2,"retryReasons":[],"status":"passed","title":"should display error message on failed registration"}],"endTime":1758013400778,"message":"","name":"/Users/dom/cs4218-2510-ecom-project-team023/client/src/_site/pages/Auth/Register.test.js","startTime":1758013398040,"status":"passed","summary":""},{"assertionResults":[{"ancestorTitles":["Login Component"],"duration":101,"failureDetails":[],"failureMessages":[],"fullName":"Login Component renders login form","invocations":1,"location":null,"numPassingAsserts":3,"retryReasons":[],"status":"passed","title":"renders login form"},{"ancestorTitles":["Login Component"],"duration":21,"failureDetails":[],"failureMessages":[],"fullName":"Login Component inputs should be initially empty","invocations":1,"location":null,"numPassingAsserts":3,"retryReasons":[],"status":"passed","title":"inputs should be initially empty"},{"ancestorTitles":["Login Component"],"duration":29,"failureDetails":[],"failureMessages":[],"fullName":"Login Component should allow typing email and password","invocations":1,"location":null,"numPassingAsserts":2,"retryReasons":[],"status":"passed","title":"should allow typing email and password"},{"ancestorTitles":["Login Component"],"duration":34,"failureDetails":[],"failureMessages":[],"fullName":"Login Component should login the user successfully","invocations":1,"location":null,"numPassingAsserts":2,"retryReasons":[],"status":"passed","title":"should login the user successfully"},{"ancestorTitles":["Login Component"],"duration":19,"failureDetails":[],"failureMessages":[],"fullName":"Login Component should display error message on failed login","invocations":1,"location":null,"numPassingAsserts":2,"retryReasons":[],"status":"passed","title":"should display error message on failed login"}],"endTime":1758013400796,"message":"","name":"/Users/dom/cs4218-2510-ecom-project-team023/client/src/_site/pages/Auth/Login.test.js","startTime":1758013398080,"status":"passed","summary":""},{"assertionResults":[{"ancestorTitles":["Login Component"],"duration":110,"failureDetails":[],"failureMessages":[],"fullName":"Login Component renders login form","invocations":1,"location":null,"numPassingAsserts":3,"retryReasons":[],"status":"passed","title":"renders login form"},{"ancestorTitles":["Login Component"],"duration":41,"failureDetails":[],"failureMessages":[],"fullName":"Login Component inputs should be initially empty","invocations":1,"location":null,"numPassingAsserts":3,"retryReasons":[],"status":"passed","title":"inputs should be initially empty"},{"ancestorTitles":["Login Component"],"duration":24,"failureDetails":[],"failureMessages":[],"fullName":"Login Component should allow typing email and password","invocations":1,"location":null,"numPassingAsserts":2,"retryReasons":[],"status":"passed","title":"should allow typing email and password"},{"ancestorTitles":["Login Component"],"duration":23,"failureDetails":[],"failureMessages":[],"fullName":"Login Component should login the user successfully","invocations":1,"location":null,"numPassingAsserts":2,"retryReasons":[],"status":"passed","title":"should login the user successfully"},{"ancestorTitles":["Login Component"],"duration":19,"failureDetails":[],"failureMessages":[],"fullName":"Login Component should display error message on failed login","invocations":1,"location":null,"numPassingAsserts":2,"retryReasons":[],"status":"passed","title":"should display error message on failed login"}],"endTime":1758013400811,"message":"","name":"/Users/dom/cs4218-2510-ecom-project-team023/client/src/pages/Auth/Login.test.js","startTime":1758013398037,"status":"passed","summary":""}],"wasInterrupted":false}
