TN:
SF:controllers/authController.js
FN:7,(anonymous_0)
FN:84,(anonymous_1)
FN:137,(anonymous_2)
FN:194,(anonymous_3)
FN:204,(anonymous_4)
FN:242,(anonymous_5)
FN:259,(anonymous_6)
FN:278,(anonymous_7)
FN:298,(anonymous_8)
FNF:9
FNH:9
FNDA:7,(anonymous_0)
FNDA:11,(anonymous_1)
FNDA:7,(anonymous_2)
FNDA:2,(anonymous_3)
FNDA:5,(anonymous_4)
FNDA:2,(anonymous_5)
FNDA:1,(anonymous_6)
FNDA:4,(anonymous_7)
FNDA:7,(anonymous_8)
DA:7,2
DA:8,7
DA:9,7
DA:11,7
DA:13,7
DA:14,1
DA:16,7
DA:17,1
DA:19,7
DA:20,1
DA:22,7
DA:23,1
DA:25,7
DA:26,1
DA:28,7
DA:29,1
DA:32,7
DA:33,1
DA:39,6
DA:40,1
DA:47,5
DA:49,4
DA:51,1
DA:57,3
DA:59,3
DA:68,3
DA:74,1
DA:75,1
DA:84,2
DA:85,11
DA:86,11
DA:88,11
DA:89,2
DA:95,9
DA:96,8
DA:97,1
DA:102,7
DA:103,7
DA:104,1
DA:110,6
DA:113,6
DA:127,1
DA:128,1
DA:137,2
DA:138,7
DA:139,7
DA:141,7
DA:143,7
DA:144,1
DA:146,7
DA:147,1
DA:149,7
DA:150,1
DA:153,7
DA:154,1
DA:161,6
DA:163,5
DA:164,1
DA:170,4
DA:171,1
DA:177,3
DA:178,3
DA:179,3
DA:184,1
DA:185,1
DA:194,2
DA:195,2
DA:196,2
DA:198,1
DA:199,1
DA:204,2
DA:205,5
DA:206,5
DA:207,5
DA:209,4
DA:210,1
DA:215,3
DA:216,3
DA:226,3
DA:232,1
DA:233,1
DA:242,2
DA:243,2
DA:244,2
DA:248,1
DA:250,1
DA:251,1
DA:259,2
DA:260,1
DA:261,1
DA:266,1
DA:268,0
DA:269,0
DA:278,2
DA:279,4
DA:280,4
DA:281,4
DA:282,4
DA:287,2
DA:289,2
DA:290,2
DA:298,2
DA:299,7
DA:300,7
DA:301,7
DA:303,7
DA:305,7
DA:307,6
DA:315,6
DA:325,1
DA:326,1
LF:111
LH:109
BRDA:13,0,0,1
BRDA:13,0,1,6
BRDA:16,1,0,1
BRDA:16,1,1,6
BRDA:19,2,0,1
BRDA:19,2,1,6
BRDA:22,3,0,1
BRDA:22,3,1,6
BRDA:25,4,0,1
BRDA:25,4,1,6
BRDA:28,5,0,1
BRDA:28,5,1,6
BRDA:32,6,0,1
BRDA:32,6,1,6
BRDA:39,7,0,1
BRDA:39,7,1,5
BRDA:39,8,0,6
BRDA:39,8,1,6
BRDA:49,9,0,1
BRDA:49,9,1,3
BRDA:88,10,0,2
BRDA:88,10,1,9
BRDA:88,11,0,11
BRDA:88,11,1,10
BRDA:96,12,0,1
BRDA:96,12,1,7
BRDA:103,13,0,1
BRDA:103,13,1,6
BRDA:143,14,0,1
BRDA:143,14,1,6
BRDA:146,15,0,1
BRDA:146,15,1,6
BRDA:149,16,0,1
BRDA:149,16,1,6
BRDA:153,17,0,1
BRDA:153,17,1,6
BRDA:163,18,0,1
BRDA:163,18,1,4
BRDA:170,19,0,1
BRDA:170,19,1,3
BRDA:209,20,0,1
BRDA:209,20,1,3
BRDA:209,21,0,4
BRDA:209,21,1,3
BRDA:215,22,0,2
BRDA:215,22,1,1
BRDA:219,23,0,3
BRDA:219,23,1,2
BRDA:220,24,0,3
BRDA:220,24,1,1
BRDA:221,25,0,3
BRDA:221,25,1,2
BRDA:222,26,0,3
BRDA:222,26,1,2
BRDA:300,27,0,7
BRDA:300,27,1,4
BRDA:301,28,0,7
BRDA:301,28,1,4
BRF:58
BRH:58
end_of_record
TN:
SF:controllers/categoryController.js
FN:9,canonicalizeName
FN:14,(anonymous_1)
FN:17,(anonymous_2)
FN:57,(anonymous_3)
FN:97,(anonymous_4)
FN:117,(anonymous_5)
FN:145,(anonymous_6)
FNF:7
FNH:7
FNDA:22,canonicalizeName
FNDA:20,(anonymous_1)
FNDA:16,(anonymous_2)
FNDA:6,(anonymous_3)
FNDA:5,(anonymous_4)
FNDA:5,(anonymous_5)
FNDA:5,(anonymous_6)
DA:10,22
DA:11,22
DA:12,16
DA:14,20
DA:17,2
DA:18,16
DA:19,16
DA:20,16
DA:22,16
DA:23,5
DA:27,11
DA:28,10
DA:29,2
DA:35,8
DA:40,7
DA:47,2
DA:48,2
DA:57,2
DA:58,6
DA:59,6
DA:60,6
DA:62,6
DA:63,6
DA:64,1
DA:67,5
DA:73,4
DA:74,2
DA:80,2
DA:87,1
DA:88,1
DA:97,2
DA:98,5
DA:99,5
DA:100,4
DA:107,1
DA:108,1
DA:117,2
DA:118,5
DA:119,5
DA:121,4
DA:122,2
DA:128,2
DA:135,1
DA:136,1
DA:145,2
DA:146,5
DA:147,5
DA:148,5
DA:150,4
DA:151,2
DA:157,2
DA:163,1
DA:164,1
LF:53
LH:53
BRDA:10,0,0,22
BRDA:10,0,1,4
BRDA:11,1,0,6
BRDA:11,1,1,16
BRDA:22,2,0,5
BRDA:22,2,1,11
BRDA:28,3,0,2
BRDA:28,3,1,8
BRDA:63,4,0,1
BRDA:63,4,1,5
BRDA:73,5,0,2
BRDA:73,5,1,2
BRDA:121,6,0,2
BRDA:121,6,1,2
BRDA:150,7,0,2
BRDA:150,7,1,2
BRF:16
BRH:16
end_of_record
TN:
SF:controllers/productController.js
FN:24,(anonymous_0)
FN:27,(anonymous_1)
FN:72,(anonymous_2)
FN:96,(anonymous_3)
FN:126,(anonymous_4)
FN:159,(anonymous_5)
FN:176,(anonymous_6)
FN:247,(anonymous_7)
FN:270,(anonymous_8)
FN:287,(anonymous_9)
FN:311,(anonymous_10)
FN:333,(anonymous_11)
FN:358,(anonymous_12)
FN:384,(anonymous_13)
FN:386,(anonymous_14)
FN:403,(anonymous_15)
FN:404,(anonymous_16)
FN:411,(anonymous_17)
FN:418,(anonymous_18)
FN:428,(anonymous_19)
FN:429,(anonymous_20)
FN:432,(anonymous_21)
FN:438,(anonymous_22)
FN:451,(anonymous_23)
FN:473,(anonymous_24)
FN:513,(anonymous_25)
FN:522,(anonymous_26)
FN:523,(anonymous_27)
FN:543,(anonymous_28)
FNF:29
FNH:22
FNDA:4,(anonymous_0)
FNDA:10,(anonymous_1)
FNDA:2,(anonymous_2)
FNDA:3,(anonymous_3)
FNDA:5,(anonymous_4)
FNDA:2,(anonymous_5)
FNDA:13,(anonymous_6)
FNDA:3,(anonymous_7)
FNDA:3,(anonymous_8)
FNDA:3,(anonymous_9)
FNDA:12,(anonymous_10)
FNDA:2,(anonymous_11)
FNDA:3,(anonymous_12)
FNDA:2,(anonymous_13)
FNDA:2,(anonymous_14)
FNDA:3,(anonymous_15)
FNDA:4,(anonymous_16)
FNDA:0,(anonymous_17)
FNDA:0,(anonymous_18)
FNDA:3,(anonymous_19)
FNDA:4,(anonymous_20)
FNDA:3,(anonymous_21)
FNDA:3,(anonymous_22)
FNDA:3,(anonymous_23)
FNDA:0,(anonymous_24)
FNDA:0,(anonymous_25)
FNDA:0,(anonymous_26)
FNDA:0,(anonymous_27)
FNDA:0,(anonymous_28)
DA:13,2
DA:16,2
DA:24,4
DA:25,2
DA:27,2
DA:28,10
DA:29,10
DA:30,10
DA:33,10
DA:35,2
DA:37,1
DA:39,1
DA:41,1
DA:43,1
DA:45,1
DA:50,3
DA:51,3
DA:52,1
DA:53,1
DA:55,3
DA:56,2
DA:63,1
DA:72,2
DA:73,2
DA:74,2
DA:80,1
DA:87,1
DA:96,2
DA:97,3
DA:98,3
DA:101,3
DA:105,2
DA:106,1
DA:112,1
DA:117,1
DA:126,2
DA:127,5
DA:128,5
DA:131,5
DA:132,1
DA:138,4
DA:140,3
DA:141,1
DA:147,2
DA:148,2
DA:150,1
DA:159,2
DA:160,2
DA:161,2
DA:162,1
DA:167,1
DA:176,2
DA:177,13
DA:178,13
DA:179,13
DA:182,13
DA:184,1
DA:186,1
DA:188,1
DA:190,1
DA:192,1
DA:194,1
DA:199,7
DA:206,6
DA:207,2
DA:214,4
DA:215,1
DA:216,1
DA:220,4
DA:221,4
DA:223,1
DA:231,3
DA:232,3
DA:238,1
DA:247,2
DA:248,3
DA:249,3
DA:250,3
DA:251,3
DA:252,3
DA:253,3
DA:255,3
DA:256,2
DA:261,1
DA:270,2
DA:271,3
DA:272,3
DA:273,2
DA:278,1
DA:287,2
DA:288,3
DA:289,3
DA:290,3
DA:291,3
DA:297,2
DA:302,1
DA:311,2
DA:312,12
DA:313,12
DA:314,12
DA:322,11
DA:324,1
DA:333,2
DA:334,2
DA:335,2
DA:336,2
DA:344,1
DA:349,1
DA:358,2
DA:359,3
DA:360,3
DA:361,2
DA:362,1
DA:367,1
DA:368,1
DA:374,1
DA:384,2
DA:385,2
DA:386,2
DA:387,2
DA:388,1
DA:390,1
DA:403,2
DA:404,4
DA:411,2
DA:412,0
DA:413,0
DA:414,0
DA:415,0
DA:418,2
DA:419,0
DA:420,0
DA:421,0
DA:422,0
DA:423,0
DA:425,0
DA:428,2
DA:429,4
DA:432,2
DA:433,3
DA:434,3
DA:435,3
DA:438,3
DA:441,3
DA:442,3
DA:445,3
DA:451,3
DA:453,3
DA:454,1
DA:456,2
DA:458,1
DA:463,1
DA:464,1
DA:467,1
DA:473,0
DA:474,0
DA:477,0
DA:478,0
DA:479,0
DA:484,0
DA:485,0
DA:487,0
DA:488,0
DA:489,0
DA:495,0
DA:496,0
DA:497,0
DA:498,0
DA:499,0
DA:501,0
DA:502,0
DA:507,0
DA:513,0
DA:514,0
DA:515,0
DA:517,0
DA:518,0
DA:522,0
DA:523,0
DA:529,0
DA:531,0
DA:534,0
DA:535,0
DA:536,0
DA:543,0
DA:544,0
DA:545,0
DA:553,0
DA:558,0
DA:560,0
DA:572,0
DA:573,0
DA:574,0
DA:575,0
DA:577,0
DA:578,0
DA:580,0
DA:581,0
DA:582,0
DA:583,0
DA:585,0
DA:586,0
DA:587,0
DA:588,0
DA:590,0
LF:205
LH:144
BRDA:29,0,0,10
BRDA:29,0,1,0
BRDA:30,1,0,10
BRDA:30,1,1,0
BRDA:33,2,0,2
BRDA:33,2,1,1
BRDA:33,2,2,1
BRDA:33,2,3,1
BRDA:33,2,4,1
BRDA:33,2,5,1
BRDA:44,3,0,4
BRDA:44,3,1,2
BRDA:51,4,0,1
BRDA:51,4,1,2
BRDA:105,5,0,1
BRDA:105,5,1,1
BRDA:131,6,0,1
BRDA:131,6,1,4
BRDA:140,7,0,1
BRDA:140,7,1,2
BRDA:140,8,0,3
BRDA:140,8,1,3
BRDA:140,8,2,3
BRDA:147,9,0,2
BRDA:147,9,1,0
BRDA:178,10,0,13
BRDA:178,10,1,0
BRDA:179,11,0,13
BRDA:179,11,1,0
BRDA:182,12,0,1
BRDA:182,12,1,1
BRDA:182,12,2,1
BRDA:182,12,3,1
BRDA:182,12,4,1
BRDA:182,12,5,1
BRDA:193,13,0,8
BRDA:193,13,1,2
BRDA:206,14,0,2
BRDA:206,14,1,4
BRDA:214,15,0,1
BRDA:214,15,1,3
BRDA:231,16,0,1
BRDA:231,16,1,2
BRDA:249,17,0,3
BRDA:249,17,1,0
BRDA:250,18,0,3
BRDA:250,18,1,0
BRDA:252,19,0,1
BRDA:252,19,1,2
BRDA:253,20,0,1
BRDA:253,20,1,2
BRDA:290,21,0,3
BRDA:290,21,1,1
BRDA:361,22,0,1
BRDA:361,22,1,1
BRDA:387,23,0,1
BRDA:387,23,1,1
BRDA:403,24,0,0
BRDA:404,25,0,3
BRDA:404,25,1,0
BRDA:408,26,0,4
BRDA:408,26,1,4
BRDA:411,27,0,0
BRDA:422,28,0,0
BRDA:422,28,1,0
BRDA:438,29,0,3
BRDA:438,29,1,3
BRDA:441,30,0,3
BRDA:441,30,1,0
BRDA:453,31,0,1
BRDA:453,31,1,2
BRDA:456,32,0,1
BRDA:456,32,1,1
BRDA:456,33,0,2
BRDA:456,33,1,2
BRDA:478,34,0,0
BRDA:478,34,1,0
BRDA:485,35,0,0
BRDA:485,35,1,0
BRDA:488,36,0,0
BRDA:488,36,1,0
BRDA:498,37,0,0
BRDA:498,37,1,0
BRDA:498,38,0,0
BRDA:498,38,1,0
BRDA:501,39,0,0
BRDA:501,39,1,0
BRDA:514,40,0,0
BRDA:514,40,1,0
BRDA:517,41,0,0
BRDA:517,41,1,0
BRDA:522,42,0,0
BRDA:529,43,0,0
BRDA:529,43,1,0
BRDA:531,44,0,0
BRDA:531,44,1,0
BRDA:531,45,0,0
BRDA:531,45,1,0
BRDA:532,46,0,0
BRDA:532,46,1,0
BRDA:534,47,0,0
BRDA:534,47,1,0
BRDA:535,48,0,0
BRDA:535,48,1,0
BRDA:555,49,0,0
BRDA:555,49,1,0
BRDA:558,50,0,0
BRDA:558,50,1,0
BRDA:565,51,0,0
BRDA:565,51,1,0
BRDA:582,52,0,0
BRDA:582,52,1,0
BRDA:587,53,0,0
BRDA:587,53,1,0
BRF:114
BRH:62
end_of_record
TN:
SF:helpers/authHelper.js
FN:3,(anonymous_0)
FN:13,(anonymous_1)
FNF:2
FNH:2
FNDA:9,(anonymous_0)
FNDA:8,(anonymous_1)
DA:3,3
DA:4,9
DA:5,9
DA:6,9
DA:7,8
DA:9,1
DA:13,3
DA:14,8
LF:8
LH:8
BRF:0
BRH:0
end_of_record
TN:
SF:middlewares/authMiddleware.js
FN:5,(anonymous_0)
FN:25,(anonymous_1)
FNF:2
FNH:2
FNDA:15,(anonymous_0)
FNDA:16,(anonymous_1)
DA:5,2
DA:6,15
DA:7,15
DA:11,13
DA:13,13
DA:15,2
DA:16,2
DA:25,2
DA:26,16
DA:27,16
DA:28,14
DA:29,1
DA:34,13
DA:37,2
DA:38,2
LF:15
LH:15
BRDA:28,0,0,1
BRDA:28,0,1,13
BRF:2
BRH:2
end_of_record
TN:
SF:models/categoryModel.js
FNF:0
FNH:0
DA:3,2
LF:1
LH:1
BRF:0
BRH:0
end_of_record
TN:
SF:models/orderModel.js
FNF:0
FNH:0
DA:3,3
LF:1
LH:1
BRF:0
BRH:0
end_of_record
TN:
SF:models/productModel.js
FNF:0
FNH:0
DA:3,2
LF:1
LH:1
BRF:0
BRH:0
end_of_record
TN:
SF:models/userModel.js
FNF:0
FNH:0
DA:3,3
LF:1
LH:1
BRF:0
BRH:0
end_of_record
TN:
SF:routes/authRoute.js
FN:32,(anonymous_0)
FN:36,(anonymous_1)
FNF:2
FNH:2
FNDA:1,(anonymous_0)
FNDA:1,(anonymous_1)
DA:16,2
DA:20,2
DA:23,2
DA:26,2
DA:29,2
DA:32,2
DA:33,1
DA:36,2
DA:37,1
DA:41,2
DA:44,2
DA:47,2
DA:50,2
DA:57,2
LF:14
LH:14
BRF:0
BRH:0
end_of_record
TN:
SF:routes/categoryRoutes.js
FNF:0
FNH:0
DA:11,1
DA:15,1
DA:23,1
DA:31,1
DA:34,1
DA:37,1
LF:6
LH:6
BRF:0
BRH:0
end_of_record
TN:
SF:routes/productRoutes.js
FNF:0
FNH:0
DA:21,1
DA:24,1
DA:33,1
DA:42,1
DA:45,1
DA:48,1
DA:51,1
DA:59,1
DA:62,1
DA:65,1
DA:68,1
DA:71,1
DA:74,1
DA:77,1
DA:78,1
LF:15
LH:15
BRF:0
BRH:0
end_of_record
