<?xml version="1.0" encoding="UTF-8"?>
<coverage generated="1758202000157" clover="3.2.0">
  <project timestamp="1758202000157" name="All files">
    <metrics statements="118" coveredstatements="107" conditionals="33" coveredconditionals="30" methods="34" coveredmethods="29" elements="185" coveredelements="166" complexity="0" loc="118" ncloc="118" packages="2" files="3" classes="3"/>
    <package name="pages">
      <metrics statements="69" coveredstatements="61" conditionals="21" coveredconditionals="20" methods="20" coveredmethods="16"/>
      <file name="HomePage.js" path="/Users/simdinghao/Documents/Y4S1/CS4218/cs4218-2510-ecom-project-team023/client/src/pages/HomePage.js">
        <metrics statements="69" coveredstatements="61" conditionals="21" coveredconditionals="20" methods="20" coveredmethods="16"/>
        <line num="13" count="1" type="stmt"/>
        <line num="14" count="25" type="stmt"/>
        <line num="15" count="24" type="stmt"/>
        <line num="16" count="24" type="stmt"/>
        <line num="17" count="24" type="stmt"/>
        <line num="18" count="24" type="stmt"/>
        <line num="19" count="24" type="stmt"/>
        <line num="20" count="24" type="stmt"/>
        <line num="21" count="24" type="stmt"/>
        <line num="22" count="24" type="stmt"/>
        <line num="23" count="24" type="stmt"/>
        <line num="25" count="24" type="stmt"/>
        <line num="26" count="5" type="stmt"/>
        <line num="29" count="24" type="stmt"/>
        <line num="30" count="8" type="stmt"/>
        <line num="31" count="8" type="stmt"/>
        <line num="32" count="8" type="stmt"/>
        <line num="33" count="4" type="stmt"/>
        <line num="34" count="4" type="stmt"/>
        <line num="36" count="4" type="stmt"/>
        <line num="37" count="4" type="stmt"/>
        <line num="38" count="4" type="stmt"/>
        <line num="43" count="24" type="stmt"/>
        <line num="44" count="5" type="stmt"/>
        <line num="45" count="5" type="stmt"/>
        <line num="46" count="5" type="stmt"/>
        <line num="48" count="0" type="stmt"/>
        <line num="52" count="24" type="stmt"/>
        <line num="53" count="2" type="stmt"/>
        <line num="54" count="2" type="stmt"/>
        <line num="55" count="2" type="stmt"/>
        <line num="56" count="1" type="stmt"/>
        <line num="57" count="1" type="stmt"/>
        <line num="59" count="1" type="stmt"/>
        <line num="60" count="1" type="stmt"/>
        <line num="61" count="1" type="stmt"/>
        <line num="65" count="24" type="stmt"/>
        <line num="67" count="7" type="cond" truecount="2" falsecount="0"/>
        <line num="68" count="2" type="stmt"/>
        <line num="73" count="24" type="stmt"/>
        <line num="74" count="3" type="stmt"/>
        <line num="75" count="3" type="cond" truecount="2" falsecount="0"/>
        <line num="76" count="2" type="stmt"/>
        <line num="78" count="2" type="stmt"/>
        <line num="80" count="3" type="stmt"/>
        <line num="81" count="3" type="stmt"/>
        <line num="84" count="24" type="stmt"/>
        <line num="86" count="8" type="cond" truecount="3" falsecount="1"/>
        <line num="89" count="24" type="stmt"/>
        <line num="90" count="8" type="cond" truecount="4" falsecount="0"/>
        <line num="94" count="24" type="stmt"/>
        <line num="95" count="3" type="stmt"/>
        <line num="96" count="3" type="stmt"/>
        <line num="100" count="0" type="stmt"/>
        <line num="102" count="3" type="stmt"/>
        <line num="103" count="3" type="stmt"/>
        <line num="106" count="24" type="stmt"/>
        <line num="121" count="48" type="stmt"/>
        <line num="123" count="3" type="stmt"/>
        <line num="133" count="0" type="stmt"/>
        <line num="135" count="144" type="stmt"/>
        <line num="144" count="0" type="stmt"/>
        <line num="155" count="16" type="stmt"/>
        <line num="177" count="0" type="stmt"/>
        <line num="184" count="0" type="stmt"/>
        <line num="185" count="0" type="stmt"/>
        <line num="189" count="0" type="stmt"/>
        <line num="204" count="2" type="stmt"/>
        <line num="205" count="2" type="stmt"/>
      </file>
    </package>
    <package name="pages.Auth">
      <metrics statements="49" coveredstatements="46" conditionals="12" coveredconditionals="10" methods="14" coveredmethods="13"/>
      <file name="Login.js" path="/Users/simdinghao/Documents/Y4S1/CS4218/cs4218-2510-ecom-project-team023/client/src/pages/Auth/Login.js">
        <metrics statements="22" coveredstatements="20" conditionals="8" coveredconditionals="7" methods="5" coveredmethods="4"/>
        <line num="9" count="1" type="stmt"/>
        <line num="10" count="11" type="stmt"/>
        <line num="11" count="11" type="stmt"/>
        <line num="12" count="11" type="stmt"/>
        <line num="15" count="11" type="stmt"/>
        <line num="16" count="11" type="stmt"/>
        <line num="20" count="11" type="stmt"/>
        <line num="21" count="2" type="stmt"/>
        <line num="22" count="2" type="stmt"/>
        <line num="23" count="2" type="stmt"/>
        <line num="27" count="1" type="cond" truecount="3" falsecount="1"/>
        <line num="28" count="1" type="cond" truecount="2" falsecount="0"/>
        <line num="36" count="1" type="stmt"/>
        <line num="41" count="1" type="stmt"/>
        <line num="42" count="1" type="cond" truecount="2" falsecount="0"/>
        <line num="44" count="0" type="stmt"/>
        <line num="47" count="1" type="stmt"/>
        <line num="48" count="1" type="stmt"/>
        <line num="51" count="11" type="stmt"/>
        <line num="62" count="3" type="stmt"/>
        <line num="73" count="3" type="stmt"/>
        <line num="85" count="0" type="stmt"/>
      </file>
      <file name="Register.js" path="/Users/simdinghao/Documents/Y4S1/CS4218/cs4218-2510-ecom-project-team023/client/src/pages/Auth/Register.js">
        <metrics statements="27" coveredstatements="26" conditionals="4" coveredconditionals="3" methods="9" coveredmethods="9"/>
        <line num="7" count="1" type="stmt"/>
        <line num="8" count="16" type="stmt"/>
        <line num="9" count="16" type="stmt"/>
        <line num="10" count="16" type="stmt"/>
        <line num="11" count="16" type="stmt"/>
        <line num="12" count="16" type="stmt"/>
        <line num="13" count="16" type="stmt"/>
        <line num="14" count="16" type="stmt"/>
        <line num="15" count="16" type="stmt"/>
        <line num="18" count="16" type="stmt"/>
        <line num="19" count="2" type="stmt"/>
        <line num="20" count="2" type="stmt"/>
        <line num="21" count="2" type="stmt"/>
        <line num="30" count="1" type="cond" truecount="3" falsecount="1"/>
        <line num="31" count="1" type="stmt"/>
        <line num="32" count="1" type="stmt"/>
        <line num="34" count="0" type="stmt"/>
        <line num="37" count="1" type="stmt"/>
        <line num="38" count="1" type="stmt"/>
        <line num="42" count="16" type="stmt"/>
        <line num="51" count="2" type="stmt"/>
        <line num="63" count="2" type="stmt"/>
        <line num="74" count="2" type="stmt"/>
        <line num="85" count="2" type="stmt"/>
        <line num="96" count="2" type="stmt"/>
        <line num="107" count="2" type="stmt"/>
        <line num="118" count="2" type="stmt"/>
      </file>
    </package>
  </project>
</coverage>
