{"/Users/simdinghao/Documents/Y4S1/CS4218/cs4218-2510-ecom-project-team023/client/src/pages/HomePage.js": {"path":"/Users/simdinghao/Documents/Y4S1/CS4218/cs4218-2510-ecom-project-team023/client/src/pages/HomePage.js","statementMap":{"0":{"start":{"line":13,"column":17},"end":{"line":224,"column":1}},"1":{"start":{"line":14,"column":19},"end":{"line":14,"column":32}},"2":{"start":{"line":15,"column":21},"end":{"line":15,"column":34}},"3":{"start":{"line":16,"column":26},"end":{"line":16,"column":35}},"4":{"start":{"line":17,"column":34},"end":{"line":17,"column":46}},"5":{"start":{"line":18,"column":42},"end":{"line":18,"column":56}},"6":{"start":{"line":19,"column":32},"end":{"line":19,"column":44}},"7":{"start":{"line":20,"column":28},"end":{"line":20,"column":40}},"8":{"start":{"line":21,"column":28},"end":{"line":21,"column":39}},"9":{"start":{"line":22,"column":26},"end":{"line":22,"column":37}},"10":{"start":{"line":23,"column":32},"end":{"line":23,"column":47}},"11":{"start":{"line":25,"column":2},"end":{"line":27,"column":9}},"12":{"start":{"line":26,"column":4},"end":{"line":26,"column":15}},"13":{"start":{"line":29,"column":25},"end":{"line":40,"column":3}},"14":{"start":{"line":30,"column":4},"end":{"line":39,"column":5}},"15":{"start":{"line":31,"column":6},"end":{"line":31,"column":23}},"16":{"start":{"line":32,"column":23},"end":{"line":32,"column":78}},"17":{"start":{"line":33,"column":6},"end":{"line":33,"column":24}},"18":{"start":{"line":34,"column":6},"end":{"line":34,"column":33}},"19":{"start":{"line":36,"column":6},"end":{"line":36,"column":24}},"20":{"start":{"line":37,"column":6},"end":{"line":37,"column":29}},"21":{"start":{"line":38,"column":6},"end":{"line":38,"column":25}},"22":{"start":{"line":43,"column":19},"end":{"line":50,"column":3}},"23":{"start":{"line":44,"column":4},"end":{"line":49,"column":5}},"24":{"start":{"line":45,"column":23},"end":{"line":45,"column":71}},"25":{"start":{"line":46,"column":6},"end":{"line":46,"column":28}},"26":{"start":{"line":48,"column":6},"end":{"line":48,"column":25}},"27":{"start":{"line":52,"column":19},"end":{"line":63,"column":3}},"28":{"start":{"line":53,"column":4},"end":{"line":62,"column":5}},"29":{"start":{"line":54,"column":6},"end":{"line":54,"column":23}},"30":{"start":{"line":55,"column":23},"end":{"line":55,"column":78}},"31":{"start":{"line":56,"column":6},"end":{"line":56,"column":24}},"32":{"start":{"line":57,"column":6},"end":{"line":57,"column":52}},"33":{"start":{"line":59,"column":6},"end":{"line":59,"column":25}},"34":{"start":{"line":60,"column":6},"end":{"line":60,"column":29}},"35":{"start":{"line":61,"column":6},"end":{"line":61,"column":24}},"36":{"start":{"line":65,"column":2},"end":{"line":69,"column":13}},"37":{"start":{"line":67,"column":4},"end":{"line":67,"column":27}},"38":{"start":{"line":67,"column":20},"end":{"line":67,"column":27}},"39":{"start":{"line":68,"column":4},"end":{"line":68,"column":15}},"40":{"start":{"line":73,"column":23},"end":{"line":82,"column":3}},"41":{"start":{"line":74,"column":14},"end":{"line":74,"column":26}},"42":{"start":{"line":75,"column":4},"end":{"line":79,"column":5}},"43":{"start":{"line":76,"column":6},"end":{"line":76,"column":19}},"44":{"start":{"line":78,"column":6},"end":{"line":78,"column":40}},"45":{"start":{"line":78,"column":30},"end":{"line":78,"column":38}},"46":{"start":{"line":80,"column":4},"end":{"line":80,"column":21}},"47":{"start":{"line":81,"column":4},"end":{"line":81,"column":20}},"48":{"start":{"line":84,"column":2},"end":{"line":87,"column":37}},"49":{"start":{"line":86,"column":4},"end":{"line":86,"column":59}},"50":{"start":{"line":86,"column":42},"end":{"line":86,"column":59}},"51":{"start":{"line":89,"column":2},"end":{"line":91,"column":23}},"52":{"start":{"line":90,"column":4},"end":{"line":90,"column":56}},"53":{"start":{"line":90,"column":40},"end":{"line":90,"column":56}},"54":{"start":{"line":94,"column":24},"end":{"line":105,"column":3}},"55":{"start":{"line":95,"column":4},"end":{"line":104,"column":5}},"56":{"start":{"line":96,"column":23},"end":{"line":99,"column":8}},"57":{"start":{"line":100,"column":6},"end":{"line":100,"column":34}},"58":{"start":{"line":102,"column":6},"end":{"line":102,"column":29}},"59":{"start":{"line":103,"column":6},"end":{"line":103,"column":25}},"60":{"start":{"line":106,"column":2},"end":{"line":223,"column":4}},"61":{"start":{"line":121,"column":14},"end":{"line":127,"column":25}},"62":{"start":{"line":123,"column":33},"end":{"line":123,"column":70}},"63":{"start":{"line":133,"column":42},"end":{"line":133,"column":66}},"64":{"start":{"line":135,"column":16},"end":{"line":137,"column":22}},"65":{"start":{"line":144,"column":29},"end":{"line":144,"column":53}},"66":{"start":{"line":155,"column":14},"end":{"line":196,"column":20}},"67":{"start":{"line":177,"column":37},"end":{"line":177,"column":67}},"68":{"start":{"line":184,"column":24},"end":{"line":184,"column":46}},"69":{"start":{"line":185,"column":24},"end":{"line":188,"column":26}},"70":{"start":{"line":189,"column":24},"end":{"line":189,"column":60}},"71":{"start":{"line":204,"column":18},"end":{"line":204,"column":37}},"72":{"start":{"line":205,"column":18},"end":{"line":205,"column":36}}},"fnMap":{"0":{"name":"(anonymous_0)","decl":{"start":{"line":13,"column":17},"end":{"line":13,"column":18}},"loc":{"start":{"line":13,"column":23},"end":{"line":224,"column":1}},"line":13},"1":{"name":"(anonymous_1)","decl":{"start":{"line":25,"column":12},"end":{"line":25,"column":13}},"loc":{"start":{"line":25,"column":18},"end":{"line":27,"column":3}},"line":25},"2":{"name":"(anonymous_2)","decl":{"start":{"line":29,"column":25},"end":{"line":29,"column":26}},"loc":{"start":{"line":29,"column":37},"end":{"line":40,"column":3}},"line":29},"3":{"name":"(anonymous_3)","decl":{"start":{"line":43,"column":19},"end":{"line":43,"column":20}},"loc":{"start":{"line":43,"column":31},"end":{"line":50,"column":3}},"line":43},"4":{"name":"(anonymous_4)","decl":{"start":{"line":52,"column":19},"end":{"line":52,"column":20}},"loc":{"start":{"line":52,"column":31},"end":{"line":63,"column":3}},"line":52},"5":{"name":"(anonymous_5)","decl":{"start":{"line":65,"column":12},"end":{"line":65,"column":13}},"loc":{"start":{"line":65,"column":18},"end":{"line":69,"column":3}},"line":65},"6":{"name":"(anonymous_6)","decl":{"start":{"line":73,"column":23},"end":{"line":73,"column":24}},"loc":{"start":{"line":73,"column":38},"end":{"line":82,"column":3}},"line":73},"7":{"name":"(anonymous_7)","decl":{"start":{"line":78,"column":23},"end":{"line":78,"column":24}},"loc":{"start":{"line":78,"column":30},"end":{"line":78,"column":38}},"line":78},"8":{"name":"(anonymous_8)","decl":{"start":{"line":84,"column":12},"end":{"line":84,"column":13}},"loc":{"start":{"line":84,"column":18},"end":{"line":87,"column":3}},"line":84},"9":{"name":"(anonymous_9)","decl":{"start":{"line":89,"column":12},"end":{"line":89,"column":13}},"loc":{"start":{"line":89,"column":18},"end":{"line":91,"column":3}},"line":89},"10":{"name":"(anonymous_10)","decl":{"start":{"line":94,"column":24},"end":{"line":94,"column":25}},"loc":{"start":{"line":94,"column":36},"end":{"line":105,"column":3}},"line":94},"11":{"name":"(anonymous_11)","decl":{"start":{"line":120,"column":29},"end":{"line":120,"column":30}},"loc":{"start":{"line":121,"column":14},"end":{"line":127,"column":25}},"line":121},"12":{"name":"(anonymous_12)","decl":{"start":{"line":123,"column":26},"end":{"line":123,"column":27}},"loc":{"start":{"line":123,"column":33},"end":{"line":123,"column":70}},"line":123},"13":{"name":"(anonymous_13)","decl":{"start":{"line":133,"column":35},"end":{"line":133,"column":36}},"loc":{"start":{"line":133,"column":42},"end":{"line":133,"column":66}},"line":133},"14":{"name":"(anonymous_14)","decl":{"start":{"line":134,"column":27},"end":{"line":134,"column":28}},"loc":{"start":{"line":135,"column":16},"end":{"line":137,"column":22}},"line":135},"15":{"name":"(anonymous_15)","decl":{"start":{"line":144,"column":23},"end":{"line":144,"column":24}},"loc":{"start":{"line":144,"column":29},"end":{"line":144,"column":53}},"line":144},"16":{"name":"(anonymous_16)","decl":{"start":{"line":154,"column":52},"end":{"line":154,"column":53}},"loc":{"start":{"line":155,"column":14},"end":{"line":196,"column":20}},"line":155},"17":{"name":"(anonymous_17)","decl":{"start":{"line":177,"column":31},"end":{"line":177,"column":32}},"loc":{"start":{"line":177,"column":37},"end":{"line":177,"column":67}},"line":177},"18":{"name":"(anonymous_18)","decl":{"start":{"line":183,"column":31},"end":{"line":183,"column":32}},"loc":{"start":{"line":183,"column":37},"end":{"line":190,"column":23}},"line":183},"19":{"name":"(anonymous_19)","decl":{"start":{"line":203,"column":25},"end":{"line":203,"column":26}},"loc":{"start":{"line":203,"column":32},"end":{"line":206,"column":17}},"line":203}},"branchMap":{"0":{"loc":{"start":{"line":67,"column":4},"end":{"line":67,"column":27}},"type":"if","locations":[{"start":{"line":67,"column":4},"end":{"line":67,"column":27}},{"start":{},"end":{}}],"line":67},"1":{"loc":{"start":{"line":75,"column":4},"end":{"line":79,"column":5}},"type":"if","locations":[{"start":{"line":75,"column":4},"end":{"line":79,"column":5}},{"start":{"line":77,"column":11},"end":{"line":79,"column":5}}],"line":75},"2":{"loc":{"start":{"line":86,"column":4},"end":{"line":86,"column":59}},"type":"if","locations":[{"start":{"line":86,"column":4},"end":{"line":86,"column":59}},{"start":{},"end":{}}],"line":86},"3":{"loc":{"start":{"line":86,"column":8},"end":{"line":86,"column":40}},"type":"binary-expr","locations":[{"start":{"line":86,"column":8},"end":{"line":86,"column":23}},{"start":{"line":86,"column":27},"end":{"line":86,"column":40}}],"line":86},"4":{"loc":{"start":{"line":90,"column":4},"end":{"line":90,"column":56}},"type":"if","locations":[{"start":{"line":90,"column":4},"end":{"line":90,"column":56}},{"start":{},"end":{}}],"line":90},"5":{"loc":{"start":{"line":90,"column":8},"end":{"line":90,"column":38}},"type":"binary-expr","locations":[{"start":{"line":90,"column":8},"end":{"line":90,"column":22}},{"start":{"line":90,"column":26},"end":{"line":90,"column":38}}],"line":90},"6":{"loc":{"start":{"line":153,"column":13},"end":{"line":153,"column":97}},"type":"binary-expr","locations":[{"start":{"line":153,"column":13},"end":{"line":153,"column":25}},{"start":{"line":153,"column":29},"end":{"line":153,"column":97}}],"line":153},"7":{"loc":{"start":{"line":154,"column":13},"end":{"line":197,"column":14}},"type":"binary-expr","locations":[{"start":{"line":154,"column":13},"end":{"line":154,"column":34}},{"start":{"line":154,"column":38},"end":{"line":197,"column":14}}],"line":154},"8":{"loc":{"start":{"line":200,"column":13},"end":{"line":218,"column":13}},"type":"binary-expr","locations":[{"start":{"line":200,"column":13},"end":{"line":200,"column":34}},{"start":{"line":200,"column":38},"end":{"line":200,"column":61}},{"start":{"line":201,"column":14},"end":{"line":217,"column":23}}],"line":200},"9":{"loc":{"start":{"line":209,"column":17},"end":{"line":216,"column":17}},"type":"cond-expr","locations":[{"start":{"line":210,"column":18},"end":{"line":210,"column":31}},{"start":{"line":212,"column":18},"end":{"line":215,"column":21}}],"line":209}},"s":{"0":1,"1":25,"2":24,"3":24,"4":24,"5":24,"6":24,"7":24,"8":24,"9":24,"10":24,"11":24,"12":5,"13":24,"14":8,"15":8,"16":8,"17":4,"18":4,"19":4,"20":4,"21":4,"22":24,"23":5,"24":5,"25":5,"26":0,"27":24,"28":2,"29":2,"30":2,"31":1,"32":1,"33":1,"34":1,"35":1,"36":24,"37":7,"38":5,"39":2,"40":24,"41":3,"42":3,"43":2,"44":1,"45":2,"46":3,"47":3,"48":24,"49":8,"50":8,"51":24,"52":8,"53":3,"54":24,"55":3,"56":3,"57":0,"58":3,"59":3,"60":24,"61":48,"62":3,"63":0,"64":144,"65":0,"66":16,"67":0,"68":0,"69":0,"70":0,"71":2,"72":2},"f":{"0":25,"1":5,"2":8,"3":5,"4":2,"5":7,"6":3,"7":2,"8":8,"9":8,"10":3,"11":48,"12":3,"13":0,"14":144,"15":0,"16":16,"17":0,"18":0,"19":2},"b":{"0":[5,2],"1":[2,1],"2":[8,0],"3":[8,3],"4":[3,5],"5":[8,5],"6":[24,6],"7":[24,18],"8":[24,18,7],"9":[2,5]},"_coverageSchema":"1a1c01bbd47fc00a2c39e90264f33305004495a9","hash":"a8e60ff672849d1d2e9af8ccd27aaff7ddff798b"}
,"/Users/simdinghao/Documents/Y4S1/CS4218/cs4218-2510-ecom-project-team023/client/src/pages/Auth/Login.js": {"path":"/Users/simdinghao/Documents/Y4S1/CS4218/cs4218-2510-ecom-project-team023/client/src/pages/Auth/Login.js","statementMap":{"0":{"start":{"line":9,"column":14},"end":{"line":99,"column":1}},"1":{"start":{"line":10,"column":28},"end":{"line":10,"column":40}},"2":{"start":{"line":11,"column":34},"end":{"line":11,"column":46}},"3":{"start":{"line":12,"column":26},"end":{"line":12,"column":35}},"4":{"start":{"line":15,"column":19},"end":{"line":15,"column":32}},"5":{"start":{"line":16,"column":19},"end":{"line":16,"column":32}},"6":{"start":{"line":20,"column":23},"end":{"line":50,"column":3}},"7":{"start":{"line":21,"column":4},"end":{"line":21,"column":23}},"8":{"start":{"line":22,"column":4},"end":{"line":49,"column":5}},"9":{"start":{"line":23,"column":18},"end":{"line":26,"column":8}},"10":{"start":{"line":27,"column":6},"end":{"line":45,"column":7}},"11":{"start":{"line":28,"column":8},"end":{"line":35,"column":13}},"12":{"start":{"line":36,"column":8},"end":{"line":40,"column":11}},"13":{"start":{"line":41,"column":8},"end":{"line":41,"column":63}},"14":{"start":{"line":42,"column":8},"end":{"line":42,"column":40}},"15":{"start":{"line":44,"column":8},"end":{"line":44,"column":38}},"16":{"start":{"line":47,"column":6},"end":{"line":47,"column":25}},"17":{"start":{"line":48,"column":6},"end":{"line":48,"column":42}},"18":{"start":{"line":51,"column":2},"end":{"line":98,"column":4}},"19":{"start":{"line":62,"column":31},"end":{"line":62,"column":55}},"20":{"start":{"line":73,"column":31},"end":{"line":73,"column":58}},"21":{"start":{"line":85,"column":16},"end":{"line":85,"column":45}}},"fnMap":{"0":{"name":"(anonymous_0)","decl":{"start":{"line":9,"column":14},"end":{"line":9,"column":15}},"loc":{"start":{"line":9,"column":20},"end":{"line":99,"column":1}},"line":9},"1":{"name":"(anonymous_1)","decl":{"start":{"line":20,"column":23},"end":{"line":20,"column":24}},"loc":{"start":{"line":20,"column":36},"end":{"line":50,"column":3}},"line":20},"2":{"name":"(anonymous_2)","decl":{"start":{"line":62,"column":24},"end":{"line":62,"column":25}},"loc":{"start":{"line":62,"column":31},"end":{"line":62,"column":55}},"line":62},"3":{"name":"(anonymous_3)","decl":{"start":{"line":73,"column":24},"end":{"line":73,"column":25}},"loc":{"start":{"line":73,"column":31},"end":{"line":73,"column":58}},"line":73},"4":{"name":"(anonymous_4)","decl":{"start":{"line":84,"column":23},"end":{"line":84,"column":24}},"loc":{"start":{"line":84,"column":29},"end":{"line":86,"column":15}},"line":84}},"branchMap":{"0":{"loc":{"start":{"line":27,"column":6},"end":{"line":45,"column":7}},"type":"if","locations":[{"start":{"line":27,"column":6},"end":{"line":45,"column":7}},{"start":{"line":43,"column":13},"end":{"line":45,"column":7}}],"line":27},"1":{"loc":{"start":{"line":27,"column":10},"end":{"line":27,"column":33}},"type":"binary-expr","locations":[{"start":{"line":27,"column":10},"end":{"line":27,"column":13}},{"start":{"line":27,"column":17},"end":{"line":27,"column":33}}],"line":27},"2":{"loc":{"start":{"line":28,"column":22},"end":{"line":28,"column":50}},"type":"binary-expr","locations":[{"start":{"line":28,"column":22},"end":{"line":28,"column":30}},{"start":{"line":28,"column":34},"end":{"line":28,"column":50}}],"line":28},"3":{"loc":{"start":{"line":42,"column":17},"end":{"line":42,"column":38}},"type":"binary-expr","locations":[{"start":{"line":42,"column":17},"end":{"line":42,"column":31}},{"start":{"line":42,"column":35},"end":{"line":42,"column":38}}],"line":42}},"s":{"0":1,"1":11,"2":11,"3":11,"4":11,"5":11,"6":11,"7":2,"8":2,"9":2,"10":1,"11":1,"12":1,"13":1,"14":1,"15":0,"16":1,"17":1,"18":11,"19":3,"20":3,"21":0},"f":{"0":11,"1":2,"2":3,"3":3,"4":0},"b":{"0":[1,0],"1":[1,1],"2":[1,1],"3":[1,1]},"_coverageSchema":"1a1c01bbd47fc00a2c39e90264f33305004495a9","hash":"046b4b3ce19fbaa75be5926db5f1003da605ce97"}
,"/Users/simdinghao/Documents/Y4S1/CS4218/cs4218-2510-ecom-project-team023/client/src/pages/Auth/Register.js": {"path":"/Users/simdinghao/Documents/Y4S1/CS4218/cs4218-2510-ecom-project-team023/client/src/pages/Auth/Register.js","statementMap":{"0":{"start":{"line":7,"column":17},"end":{"line":132,"column":1}},"1":{"start":{"line":8,"column":26},"end":{"line":8,"column":38}},"2":{"start":{"line":9,"column":28},"end":{"line":9,"column":40}},"3":{"start":{"line":10,"column":34},"end":{"line":10,"column":46}},"4":{"start":{"line":11,"column":28},"end":{"line":11,"column":40}},"5":{"start":{"line":12,"column":32},"end":{"line":12,"column":44}},"6":{"start":{"line":13,"column":24},"end":{"line":13,"column":36}},"7":{"start":{"line":14,"column":30},"end":{"line":14,"column":42}},"8":{"start":{"line":15,"column":19},"end":{"line":15,"column":32}},"9":{"start":{"line":18,"column":23},"end":{"line":40,"column":3}},"10":{"start":{"line":19,"column":4},"end":{"line":19,"column":23}},"11":{"start":{"line":20,"column":4},"end":{"line":39,"column":5}},"12":{"start":{"line":21,"column":18},"end":{"line":29,"column":8}},"13":{"start":{"line":30,"column":6},"end":{"line":35,"column":7}},"14":{"start":{"line":31,"column":8},"end":{"line":31,"column":61}},"15":{"start":{"line":32,"column":8},"end":{"line":32,"column":27}},"16":{"start":{"line":34,"column":8},"end":{"line":34,"column":38}},"17":{"start":{"line":37,"column":6},"end":{"line":37,"column":25}},"18":{"start":{"line":38,"column":6},"end":{"line":38,"column":42}},"19":{"start":{"line":42,"column":2},"end":{"line":131,"column":4}},"20":{"start":{"line":51,"column":31},"end":{"line":51,"column":54}},"21":{"start":{"line":63,"column":31},"end":{"line":63,"column":55}},"22":{"start":{"line":74,"column":31},"end":{"line":74,"column":58}},"23":{"start":{"line":85,"column":31},"end":{"line":85,"column":55}},"24":{"start":{"line":96,"column":31},"end":{"line":96,"column":57}},"25":{"start":{"line":107,"column":31},"end":{"line":107,"column":53}},"26":{"start":{"line":118,"column":31},"end":{"line":118,"column":56}}},"fnMap":{"0":{"name":"(anonymous_0)","decl":{"start":{"line":7,"column":17},"end":{"line":7,"column":18}},"loc":{"start":{"line":7,"column":23},"end":{"line":132,"column":1}},"line":7},"1":{"name":"(anonymous_1)","decl":{"start":{"line":18,"column":23},"end":{"line":18,"column":24}},"loc":{"start":{"line":18,"column":36},"end":{"line":40,"column":3}},"line":18},"2":{"name":"(anonymous_2)","decl":{"start":{"line":51,"column":24},"end":{"line":51,"column":25}},"loc":{"start":{"line":51,"column":31},"end":{"line":51,"column":54}},"line":51},"3":{"name":"(anonymous_3)","decl":{"start":{"line":63,"column":24},"end":{"line":63,"column":25}},"loc":{"start":{"line":63,"column":31},"end":{"line":63,"column":55}},"line":63},"4":{"name":"(anonymous_4)","decl":{"start":{"line":74,"column":24},"end":{"line":74,"column":25}},"loc":{"start":{"line":74,"column":31},"end":{"line":74,"column":58}},"line":74},"5":{"name":"(anonymous_5)","decl":{"start":{"line":85,"column":24},"end":{"line":85,"column":25}},"loc":{"start":{"line":85,"column":31},"end":{"line":85,"column":55}},"line":85},"6":{"name":"(anonymous_6)","decl":{"start":{"line":96,"column":24},"end":{"line":96,"column":25}},"loc":{"start":{"line":96,"column":31},"end":{"line":96,"column":57}},"line":96},"7":{"name":"(anonymous_7)","decl":{"start":{"line":107,"column":24},"end":{"line":107,"column":25}},"loc":{"start":{"line":107,"column":31},"end":{"line":107,"column":53}},"line":107},"8":{"name":"(anonymous_8)","decl":{"start":{"line":118,"column":24},"end":{"line":118,"column":25}},"loc":{"start":{"line":118,"column":31},"end":{"line":118,"column":56}},"line":118}},"branchMap":{"0":{"loc":{"start":{"line":30,"column":6},"end":{"line":35,"column":7}},"type":"if","locations":[{"start":{"line":30,"column":6},"end":{"line":35,"column":7}},{"start":{"line":33,"column":13},"end":{"line":35,"column":7}}],"line":30},"1":{"loc":{"start":{"line":30,"column":10},"end":{"line":30,"column":33}},"type":"binary-expr","locations":[{"start":{"line":30,"column":10},"end":{"line":30,"column":13}},{"start":{"line":30,"column":17},"end":{"line":30,"column":33}}],"line":30}},"s":{"0":1,"1":16,"2":16,"3":16,"4":16,"5":16,"6":16,"7":16,"8":16,"9":16,"10":2,"11":2,"12":2,"13":1,"14":1,"15":1,"16":0,"17":1,"18":1,"19":16,"20":2,"21":2,"22":2,"23":2,"24":2,"25":2,"26":2},"f":{"0":16,"1":2,"2":2,"3":2,"4":2,"5":2,"6":2,"7":2,"8":2},"b":{"0":[1,0],"1":[1,1]},"_coverageSchema":"1a1c01bbd47fc00a2c39e90264f33305004495a9","hash":"96734398255e65d1a4e308e114ad47086ea47db3"}
}
